{"/Users/andreas/dev/avocado-store/cloudflare-worker-search-proxy-cache/src/index.ts": {"path":"/Users/andreas/dev/avocado-store/cloudflare-worker-search-proxy-cache/src/index.ts","all":true,"statementMap":{"45":{"start":{"line":46,"column":0},"end":{"line":46,"column":20}},"46":{"start":{"line":47,"column":0},"end":{"line":47,"column":149}},"47":{"start":{"line":48,"column":0},"end":{"line":48,"column":22}},"48":{"start":{"line":49,"column":0},"end":{"line":49,"column":122}},"49":{"start":{"line":50,"column":0},"end":{"line":50,"column":64}},"50":{"start":{"line":51,"column":0},"end":{"line":51,"column":37}},"51":{"start":{"line":52,"column":0},"end":{"line":52,"column":38}},"52":{"start":{"line":53,"column":0},"end":{"line":53,"column":38}},"53":{"start":{"line":54,"column":0},"end":{"line":54,"column":38}},"54":{"start":{"line":55,"column":0},"end":{"line":55,"column":2}},"55":{"start":{"line":56,"column":0},"end":{"line":56,"column":46}},"58":{"start":{"line":59,"column":0},"end":{"line":59,"column":27}},"59":{"start":{"line":60,"column":0},"end":{"line":60,"column":85}},"61":{"start":{"line":62,"column":0},"end":{"line":62,"column":30}},"62":{"start":{"line":63,"column":0},"end":{"line":63,"column":54}},"63":{"start":{"line":64,"column":0},"end":{"line":64,"column":56}},"64":{"start":{"line":65,"column":0},"end":{"line":65,"column":33}},"65":{"start":{"line":66,"column":0},"end":{"line":66,"column":59}},"66":{"start":{"line":67,"column":0},"end":{"line":67,"column":35}},"67":{"start":{"line":68,"column":0},"end":{"line":68,"column":17}},"68":{"start":{"line":69,"column":0},"end":{"line":69,"column":19}},"69":{"start":{"line":70,"column":0},"end":{"line":70,"column":22}},"70":{"start":{"line":71,"column":0},"end":{"line":71,"column":2}},"76":{"start":{"line":77,"column":0},"end":{"line":77,"column":16}},"77":{"start":{"line":78,"column":0},"end":{"line":78,"column":14}},"78":{"start":{"line":79,"column":0},"end":{"line":79,"column":21}},"79":{"start":{"line":80,"column":0},"end":{"line":80,"column":13}},"80":{"start":{"line":81,"column":0},"end":{"line":81,"column":25}},"81":{"start":{"line":82,"column":0},"end":{"line":82,"column":24}},"82":{"start":{"line":83,"column":0},"end":{"line":83,"column":33}},"83":{"start":{"line":84,"column":0},"end":{"line":84,"column":37}},"84":{"start":{"line":85,"column":0},"end":{"line":85,"column":56}},"85":{"start":{"line":86,"column":0},"end":{"line":86,"column":40}},"86":{"start":{"line":87,"column":0},"end":{"line":87,"column":64}},"87":{"start":{"line":88,"column":0},"end":{"line":88,"column":67}},"89":{"start":{"line":90,"column":0},"end":{"line":90,"column":40}},"90":{"start":{"line":91,"column":0},"end":{"line":91,"column":10}},"91":{"start":{"line":92,"column":0},"end":{"line":92,"column":13}},"92":{"start":{"line":93,"column":0},"end":{"line":93,"column":19}},"93":{"start":{"line":94,"column":0},"end":{"line":94,"column":29}},"94":{"start":{"line":95,"column":0},"end":{"line":95,"column":29}},"95":{"start":{"line":96,"column":0},"end":{"line":96,"column":37}},"96":{"start":{"line":97,"column":0},"end":{"line":97,"column":6}},"98":{"start":{"line":99,"column":0},"end":{"line":99,"column":39}},"99":{"start":{"line":100,"column":0},"end":{"line":100,"column":39}},"100":{"start":{"line":101,"column":0},"end":{"line":101,"column":5}},"102":{"start":{"line":103,"column":0},"end":{"line":103,"column":36}},"103":{"start":{"line":104,"column":0},"end":{"line":104,"column":36}},"104":{"start":{"line":105,"column":0},"end":{"line":105,"column":53}},"105":{"start":{"line":106,"column":0},"end":{"line":106,"column":25}},"106":{"start":{"line":107,"column":0},"end":{"line":107,"column":22}},"107":{"start":{"line":108,"column":0},"end":{"line":108,"column":58}},"108":{"start":{"line":109,"column":0},"end":{"line":109,"column":19}},"109":{"start":{"line":110,"column":0},"end":{"line":110,"column":29}},"110":{"start":{"line":111,"column":0},"end":{"line":111,"column":35}},"111":{"start":{"line":112,"column":0},"end":{"line":112,"column":63}},"112":{"start":{"line":113,"column":0},"end":{"line":113,"column":41}},"113":{"start":{"line":114,"column":0},"end":{"line":114,"column":71}},"114":{"start":{"line":115,"column":0},"end":{"line":115,"column":12}},"115":{"start":{"line":116,"column":0},"end":{"line":116,"column":10}},"116":{"start":{"line":117,"column":0},"end":{"line":117,"column":28}},"117":{"start":{"line":118,"column":0},"end":{"line":118,"column":7}},"118":{"start":{"line":119,"column":0},"end":{"line":119,"column":44}},"119":{"start":{"line":120,"column":0},"end":{"line":120,"column":5}},"126":{"start":{"line":127,"column":0},"end":{"line":127,"column":33}},"127":{"start":{"line":128,"column":0},"end":{"line":128,"column":25}},"128":{"start":{"line":129,"column":0},"end":{"line":129,"column":48}},"129":{"start":{"line":130,"column":0},"end":{"line":130,"column":44}},"130":{"start":{"line":131,"column":0},"end":{"line":131,"column":40}},"131":{"start":{"line":132,"column":0},"end":{"line":132,"column":39}},"132":{"start":{"line":133,"column":0},"end":{"line":133,"column":27}},"134":{"start":{"line":135,"column":0},"end":{"line":135,"column":69}},"135":{"start":{"line":136,"column":0},"end":{"line":136,"column":47}},"136":{"start":{"line":137,"column":0},"end":{"line":137,"column":59}},"139":{"start":{"line":140,"column":0},"end":{"line":140,"column":65}},"140":{"start":{"line":141,"column":0},"end":{"line":141,"column":40}},"144":{"start":{"line":145,"column":0},"end":{"line":145,"column":41}},"145":{"start":{"line":146,"column":0},"end":{"line":146,"column":61}},"146":{"start":{"line":147,"column":0},"end":{"line":147,"column":43}},"147":{"start":{"line":148,"column":0},"end":{"line":148,"column":60}},"148":{"start":{"line":149,"column":0},"end":{"line":149,"column":39}},"149":{"start":{"line":150,"column":0},"end":{"line":150,"column":9}},"150":{"start":{"line":151,"column":0},"end":{"line":151,"column":7}},"152":{"start":{"line":153,"column":0},"end":{"line":153,"column":60}},"154":{"start":{"line":155,"column":0},"end":{"line":155,"column":27}},"155":{"start":{"line":156,"column":0},"end":{"line":156,"column":34}},"156":{"start":{"line":157,"column":0},"end":{"line":157,"column":26}},"157":{"start":{"line":158,"column":0},"end":{"line":158,"column":14}},"158":{"start":{"line":159,"column":0},"end":{"line":159,"column":27}},"159":{"start":{"line":160,"column":0},"end":{"line":160,"column":7}},"160":{"start":{"line":161,"column":0},"end":{"line":161,"column":5}},"162":{"start":{"line":163,"column":0},"end":{"line":163,"column":20}},"163":{"start":{"line":164,"column":0},"end":{"line":164,"column":40}},"164":{"start":{"line":165,"column":0},"end":{"line":165,"column":19}},"165":{"start":{"line":166,"column":0},"end":{"line":166,"column":24}},"166":{"start":{"line":167,"column":0},"end":{"line":167,"column":16}},"167":{"start":{"line":168,"column":0},"end":{"line":168,"column":12}},"168":{"start":{"line":169,"column":0},"end":{"line":169,"column":20}},"169":{"start":{"line":170,"column":0},"end":{"line":170,"column":8}},"171":{"start":{"line":172,"column":0},"end":{"line":172,"column":55}},"172":{"start":{"line":173,"column":0},"end":{"line":173,"column":49}},"173":{"start":{"line":174,"column":0},"end":{"line":174,"column":61}},"175":{"start":{"line":176,"column":0},"end":{"line":176,"column":37}},"176":{"start":{"line":177,"column":0},"end":{"line":177,"column":59}},"177":{"start":{"line":178,"column":0},"end":{"line":178,"column":59}},"179":{"start":{"line":180,"column":0},"end":{"line":180,"column":68}},"181":{"start":{"line":182,"column":0},"end":{"line":182,"column":67}},"182":{"start":{"line":183,"column":0},"end":{"line":183,"column":41}},"183":{"start":{"line":184,"column":0},"end":{"line":184,"column":49}},"184":{"start":{"line":185,"column":0},"end":{"line":185,"column":27}},"185":{"start":{"line":186,"column":0},"end":{"line":186,"column":11}},"188":{"start":{"line":189,"column":0},"end":{"line":189,"column":48}},"189":{"start":{"line":190,"column":0},"end":{"line":190,"column":63}},"190":{"start":{"line":191,"column":0},"end":{"line":191,"column":45}},"191":{"start":{"line":192,"column":0},"end":{"line":192,"column":62}},"192":{"start":{"line":193,"column":0},"end":{"line":193,"column":46}},"193":{"start":{"line":194,"column":0},"end":{"line":194,"column":11}},"194":{"start":{"line":195,"column":0},"end":{"line":195,"column":9}},"195":{"start":{"line":196,"column":0},"end":{"line":196,"column":62}},"196":{"start":{"line":197,"column":0},"end":{"line":197,"column":7}},"197":{"start":{"line":198,"column":0},"end":{"line":198,"column":5}},"199":{"start":{"line":200,"column":0},"end":{"line":200,"column":44}},"200":{"start":{"line":201,"column":0},"end":{"line":201,"column":18}},"201":{"start":{"line":202,"column":0},"end":{"line":202,"column":17}},"202":{"start":{"line":203,"column":0},"end":{"line":203,"column":19}},"203":{"start":{"line":204,"column":0},"end":{"line":204,"column":24}},"204":{"start":{"line":205,"column":0},"end":{"line":205,"column":17}},"205":{"start":{"line":206,"column":0},"end":{"line":206,"column":17}},"206":{"start":{"line":207,"column":0},"end":{"line":207,"column":19}},"207":{"start":{"line":208,"column":0},"end":{"line":208,"column":15}},"208":{"start":{"line":209,"column":0},"end":{"line":209,"column":7}},"209":{"start":{"line":210,"column":0},"end":{"line":210,"column":6}},"211":{"start":{"line":212,"column":0},"end":{"line":212,"column":58}},"212":{"start":{"line":213,"column":0},"end":{"line":213,"column":4}},"213":{"start":{"line":214,"column":0},"end":{"line":214,"column":33}},"219":{"start":{"line":220,"column":0},"end":{"line":220,"column":55}},"220":{"start":{"line":221,"column":0},"end":{"line":221,"column":43}},"221":{"start":{"line":222,"column":0},"end":{"line":222,"column":57}},"222":{"start":{"line":223,"column":0},"end":{"line":223,"column":35}},"223":{"start":{"line":224,"column":0},"end":{"line":224,"column":114}},"224":{"start":{"line":225,"column":0},"end":{"line":225,"column":38}},"225":{"start":{"line":226,"column":0},"end":{"line":226,"column":4}},"227":{"start":{"line":228,"column":0},"end":{"line":228,"column":25}},"228":{"start":{"line":229,"column":0},"end":{"line":229,"column":75}},"229":{"start":{"line":230,"column":0},"end":{"line":230,"column":57}},"230":{"start":{"line":231,"column":0},"end":{"line":231,"column":56}},"231":{"start":{"line":232,"column":0},"end":{"line":232,"column":31}},"232":{"start":{"line":233,"column":0},"end":{"line":233,"column":10}},"233":{"start":{"line":234,"column":0},"end":{"line":234,"column":75}},"234":{"start":{"line":235,"column":0},"end":{"line":235,"column":3}},"236":{"start":{"line":237,"column":0},"end":{"line":237,"column":29}},"237":{"start":{"line":238,"column":0},"end":{"line":238,"column":16}},"238":{"start":{"line":239,"column":0},"end":{"line":239,"column":12}},"239":{"start":{"line":240,"column":0},"end":{"line":240,"column":5}},"240":{"start":{"line":241,"column":0},"end":{"line":241,"column":1}},"242":{"start":{"line":243,"column":0},"end":{"line":243,"column":32}},"243":{"start":{"line":244,"column":0},"end":{"line":244,"column":22}},"244":{"start":{"line":245,"column":0},"end":{"line":245,"column":27}},"245":{"start":{"line":246,"column":0},"end":{"line":246,"column":19}},"246":{"start":{"line":247,"column":0},"end":{"line":247,"column":12}},"247":{"start":{"line":248,"column":0},"end":{"line":248,"column":24}},"248":{"start":{"line":249,"column":0},"end":{"line":249,"column":22}},"249":{"start":{"line":250,"column":0},"end":{"line":250,"column":27}},"250":{"start":{"line":251,"column":0},"end":{"line":251,"column":67}},"252":{"start":{"line":253,"column":0},"end":{"line":253,"column":73}},"253":{"start":{"line":254,"column":0},"end":{"line":254,"column":69}},"254":{"start":{"line":255,"column":0},"end":{"line":255,"column":20}},"255":{"start":{"line":256,"column":0},"end":{"line":256,"column":31}},"256":{"start":{"line":257,"column":0},"end":{"line":257,"column":37}},"257":{"start":{"line":258,"column":0},"end":{"line":258,"column":4}},"259":{"start":{"line":260,"column":0},"end":{"line":260,"column":45}},"260":{"start":{"line":261,"column":0},"end":{"line":261,"column":57}},"261":{"start":{"line":262,"column":0},"end":{"line":262,"column":25}},"262":{"start":{"line":263,"column":0},"end":{"line":263,"column":3}},"264":{"start":{"line":265,"column":0},"end":{"line":265,"column":33}},"267":{"start":{"line":268,"column":0},"end":{"line":268,"column":57}},"268":{"start":{"line":269,"column":0},"end":{"line":269,"column":53}},"269":{"start":{"line":270,"column":0},"end":{"line":270,"column":46}},"271":{"start":{"line":272,"column":0},"end":{"line":272,"column":91}},"272":{"start":{"line":273,"column":0},"end":{"line":273,"column":64}},"273":{"start":{"line":274,"column":0},"end":{"line":274,"column":23}},"274":{"start":{"line":275,"column":0},"end":{"line":275,"column":35}},"275":{"start":{"line":276,"column":0},"end":{"line":276,"column":28}},"276":{"start":{"line":277,"column":0},"end":{"line":277,"column":7}},"277":{"start":{"line":278,"column":0},"end":{"line":278,"column":9}},"278":{"start":{"line":279,"column":0},"end":{"line":279,"column":39}},"279":{"start":{"line":280,"column":0},"end":{"line":280,"column":27}},"280":{"start":{"line":281,"column":0},"end":{"line":281,"column":16}},"281":{"start":{"line":282,"column":0},"end":{"line":282,"column":22}},"282":{"start":{"line":283,"column":0},"end":{"line":283,"column":9}},"283":{"start":{"line":284,"column":0},"end":{"line":284,"column":13}},"284":{"start":{"line":285,"column":0},"end":{"line":285,"column":72}},"285":{"start":{"line":286,"column":0},"end":{"line":286,"column":20}},"286":{"start":{"line":287,"column":0},"end":{"line":287,"column":9}},"287":{"start":{"line":288,"column":0},"end":{"line":288,"column":5}},"288":{"start":{"line":289,"column":0},"end":{"line":289,"column":10}},"289":{"start":{"line":290,"column":0},"end":{"line":290,"column":55}},"290":{"start":{"line":291,"column":0},"end":{"line":291,"column":3}},"292":{"start":{"line":293,"column":0},"end":{"line":293,"column":48}},"294":{"start":{"line":295,"column":0},"end":{"line":295,"column":60}},"295":{"start":{"line":296,"column":0},"end":{"line":296,"column":31}},"296":{"start":{"line":297,"column":0},"end":{"line":297,"column":13}},"297":{"start":{"line":298,"column":0},"end":{"line":298,"column":11}},"298":{"start":{"line":299,"column":0},"end":{"line":299,"column":15}},"299":{"start":{"line":300,"column":0},"end":{"line":300,"column":12}},"300":{"start":{"line":301,"column":0},"end":{"line":301,"column":12}},"301":{"start":{"line":302,"column":0},"end":{"line":302,"column":10}},"302":{"start":{"line":303,"column":0},"end":{"line":303,"column":17}},"303":{"start":{"line":304,"column":0},"end":{"line":304,"column":13}},"304":{"start":{"line":305,"column":0},"end":{"line":305,"column":4}},"305":{"start":{"line":306,"column":0},"end":{"line":306,"column":1}},"307":{"start":{"line":308,"column":0},"end":{"line":308,"column":61}},"308":{"start":{"line":309,"column":0},"end":{"line":309,"column":77}},"309":{"start":{"line":310,"column":0},"end":{"line":310,"column":17}},"310":{"start":{"line":311,"column":0},"end":{"line":311,"column":3}},"312":{"start":{"line":313,"column":0},"end":{"line":313,"column":27}},"313":{"start":{"line":314,"column":0},"end":{"line":314,"column":31}},"314":{"start":{"line":315,"column":0},"end":{"line":315,"column":33}},"315":{"start":{"line":316,"column":0},"end":{"line":316,"column":21}},"316":{"start":{"line":317,"column":0},"end":{"line":317,"column":39}},"317":{"start":{"line":318,"column":0},"end":{"line":318,"column":30}},"318":{"start":{"line":319,"column":0},"end":{"line":319,"column":28}},"319":{"start":{"line":320,"column":0},"end":{"line":320,"column":7}},"320":{"start":{"line":321,"column":0},"end":{"line":321,"column":45}},"321":{"start":{"line":322,"column":0},"end":{"line":322,"column":20}},"322":{"start":{"line":323,"column":0},"end":{"line":323,"column":7}},"323":{"start":{"line":324,"column":0},"end":{"line":324,"column":5}},"324":{"start":{"line":325,"column":0},"end":{"line":325,"column":3}},"325":{"start":{"line":326,"column":0},"end":{"line":326,"column":23}},"326":{"start":{"line":327,"column":0},"end":{"line":327,"column":1}},"328":{"start":{"line":329,"column":0},"end":{"line":329,"column":73}},"329":{"start":{"line":330,"column":0},"end":{"line":330,"column":7}},"330":{"start":{"line":331,"column":0},"end":{"line":331,"column":56}},"331":{"start":{"line":332,"column":0},"end":{"line":332,"column":58}},"332":{"start":{"line":333,"column":0},"end":{"line":333,"column":14}},"333":{"start":{"line":334,"column":0},"end":{"line":334,"column":68}},"334":{"start":{"line":335,"column":0},"end":{"line":335,"column":22}},"335":{"start":{"line":336,"column":0},"end":{"line":336,"column":58}},"336":{"start":{"line":337,"column":0},"end":{"line":337,"column":11}},"337":{"start":{"line":338,"column":0},"end":{"line":338,"column":8}},"338":{"start":{"line":339,"column":0},"end":{"line":339,"column":5}},"339":{"start":{"line":340,"column":0},"end":{"line":340,"column":20}},"340":{"start":{"line":341,"column":0},"end":{"line":341,"column":15}},"341":{"start":{"line":342,"column":0},"end":{"line":342,"column":63}},"342":{"start":{"line":343,"column":0},"end":{"line":343,"column":67}},"343":{"start":{"line":344,"column":0},"end":{"line":344,"column":12}},"344":{"start":{"line":345,"column":0},"end":{"line":345,"column":26}},"345":{"start":{"line":346,"column":0},"end":{"line":346,"column":72}},"346":{"start":{"line":347,"column":0},"end":{"line":347,"column":9}},"347":{"start":{"line":348,"column":0},"end":{"line":348,"column":22}},"348":{"start":{"line":349,"column":0},"end":{"line":349,"column":58}},"349":{"start":{"line":350,"column":0},"end":{"line":350,"column":9}},"350":{"start":{"line":351,"column":0},"end":{"line":351,"column":8}},"351":{"start":{"line":352,"column":0},"end":{"line":352,"column":6}},"352":{"start":{"line":353,"column":0},"end":{"line":353,"column":3}},"353":{"start":{"line":354,"column":0},"end":{"line":354,"column":1}},"355":{"start":{"line":356,"column":0},"end":{"line":356,"column":31}},"356":{"start":{"line":357,"column":0},"end":{"line":357,"column":19}},"357":{"start":{"line":358,"column":0},"end":{"line":358,"column":17}},"358":{"start":{"line":359,"column":0},"end":{"line":359,"column":17}},"359":{"start":{"line":360,"column":0},"end":{"line":360,"column":34}},"360":{"start":{"line":361,"column":0},"end":{"line":361,"column":19}},"361":{"start":{"line":362,"column":0},"end":{"line":362,"column":28}},"362":{"start":{"line":363,"column":0},"end":{"line":363,"column":25}},"363":{"start":{"line":364,"column":0},"end":{"line":364,"column":20}},"364":{"start":{"line":365,"column":0},"end":{"line":365,"column":22}},"365":{"start":{"line":366,"column":0},"end":{"line":366,"column":18}},"366":{"start":{"line":367,"column":0},"end":{"line":367,"column":35}},"367":{"start":{"line":368,"column":0},"end":{"line":368,"column":9}},"368":{"start":{"line":369,"column":0},"end":{"line":369,"column":56}},"369":{"start":{"line":370,"column":0},"end":{"line":370,"column":41}},"370":{"start":{"line":371,"column":0},"end":{"line":371,"column":15}},"371":{"start":{"line":372,"column":0},"end":{"line":372,"column":16}},"372":{"start":{"line":373,"column":0},"end":{"line":373,"column":22}},"373":{"start":{"line":374,"column":0},"end":{"line":374,"column":9}},"375":{"start":{"line":376,"column":0},"end":{"line":376,"column":33}},"376":{"start":{"line":377,"column":0},"end":{"line":377,"column":48}},"377":{"start":{"line":378,"column":0},"end":{"line":378,"column":19}},"378":{"start":{"line":379,"column":0},"end":{"line":379,"column":32}},"379":{"start":{"line":380,"column":0},"end":{"line":380,"column":24}},"380":{"start":{"line":381,"column":0},"end":{"line":381,"column":12}},"381":{"start":{"line":382,"column":0},"end":{"line":382,"column":37}},"382":{"start":{"line":383,"column":0},"end":{"line":383,"column":30}},"383":{"start":{"line":384,"column":0},"end":{"line":384,"column":27}},"384":{"start":{"line":385,"column":0},"end":{"line":385,"column":8}},"387":{"start":{"line":388,"column":0},"end":{"line":388,"column":25}},"388":{"start":{"line":389,"column":0},"end":{"line":389,"column":13}},"389":{"start":{"line":390,"column":0},"end":{"line":390,"column":58}},"390":{"start":{"line":391,"column":0},"end":{"line":391,"column":50}},"391":{"start":{"line":392,"column":0},"end":{"line":392,"column":21}},"392":{"start":{"line":393,"column":0},"end":{"line":393,"column":53}},"393":{"start":{"line":394,"column":0},"end":{"line":394,"column":9}},"394":{"start":{"line":395,"column":0},"end":{"line":395,"column":7}},"396":{"start":{"line":397,"column":0},"end":{"line":397,"column":54}},"398":{"start":{"line":399,"column":0},"end":{"line":399,"column":24}},"399":{"start":{"line":400,"column":0},"end":{"line":400,"column":24}},"400":{"start":{"line":401,"column":0},"end":{"line":401,"column":7}},"401":{"start":{"line":402,"column":0},"end":{"line":402,"column":17}},"402":{"start":{"line":403,"column":0},"end":{"line":403,"column":53}},"403":{"start":{"line":404,"column":0},"end":{"line":404,"column":38}},"404":{"start":{"line":405,"column":0},"end":{"line":405,"column":13}},"405":{"start":{"line":406,"column":0},"end":{"line":406,"column":25}},"406":{"start":{"line":407,"column":0},"end":{"line":407,"column":37}},"407":{"start":{"line":408,"column":0},"end":{"line":408,"column":30}},"408":{"start":{"line":409,"column":0},"end":{"line":409,"column":9}},"410":{"start":{"line":411,"column":0},"end":{"line":411,"column":5}},"411":{"start":{"line":412,"column":0},"end":{"line":412,"column":3}},"413":{"start":{"line":414,"column":0},"end":{"line":414,"column":67}},"414":{"start":{"line":415,"column":0},"end":{"line":415,"column":1}},"416":{"start":{"line":417,"column":0},"end":{"line":417,"column":51}},"417":{"start":{"line":418,"column":0},"end":{"line":418,"column":10}},"418":{"start":{"line":419,"column":0},"end":{"line":419,"column":42}},"419":{"start":{"line":420,"column":0},"end":{"line":420,"column":37}},"420":{"start":{"line":421,"column":0},"end":{"line":421,"column":35}},"422":{"start":{"line":423,"column":0},"end":{"line":423,"column":1}},"424":{"start":{"line":425,"column":0},"end":{"line":425,"column":24}},"425":{"start":{"line":426,"column":0},"end":{"line":426,"column":21}},"426":{"start":{"line":427,"column":0},"end":{"line":427,"column":24}},"427":{"start":{"line":428,"column":0},"end":{"line":428,"column":23}},"428":{"start":{"line":429,"column":0},"end":{"line":429,"column":13}},"429":{"start":{"line":430,"column":0},"end":{"line":430,"column":48}},"431":{"start":{"line":432,"column":0},"end":{"line":432,"column":60}},"432":{"start":{"line":433,"column":0},"end":{"line":433,"column":78}},"433":{"start":{"line":434,"column":0},"end":{"line":434,"column":10}},"434":{"start":{"line":435,"column":0},"end":{"line":435,"column":55}},"435":{"start":{"line":436,"column":0},"end":{"line":436,"column":34}},"436":{"start":{"line":437,"column":0},"end":{"line":437,"column":3}},"438":{"start":{"line":439,"column":0},"end":{"line":439,"column":68}},"439":{"start":{"line":440,"column":0},"end":{"line":440,"column":14}},"440":{"start":{"line":441,"column":0},"end":{"line":441,"column":35}},"441":{"start":{"line":442,"column":0},"end":{"line":442,"column":111}},"442":{"start":{"line":443,"column":0},"end":{"line":443,"column":4}},"443":{"start":{"line":444,"column":0},"end":{"line":444,"column":49}},"445":{"start":{"line":446,"column":0},"end":{"line":446,"column":38}},"446":{"start":{"line":447,"column":0},"end":{"line":447,"column":28}},"447":{"start":{"line":448,"column":0},"end":{"line":448,"column":36}},"448":{"start":{"line":449,"column":0},"end":{"line":449,"column":12}},"449":{"start":{"line":450,"column":0},"end":{"line":450,"column":5}},"450":{"start":{"line":451,"column":0},"end":{"line":451,"column":1}},"452":{"start":{"line":453,"column":0},"end":{"line":453,"column":26}},"453":{"start":{"line":454,"column":0},"end":{"line":454,"column":22}},"454":{"start":{"line":455,"column":0},"end":{"line":455,"column":26}},"455":{"start":{"line":456,"column":0},"end":{"line":456,"column":21}},"456":{"start":{"line":457,"column":0},"end":{"line":457,"column":19}},"457":{"start":{"line":458,"column":0},"end":{"line":458,"column":22}},"458":{"start":{"line":459,"column":0},"end":{"line":459,"column":18}},"459":{"start":{"line":460,"column":0},"end":{"line":460,"column":18}},"460":{"start":{"line":461,"column":0},"end":{"line":461,"column":47}},"461":{"start":{"line":462,"column":0},"end":{"line":462,"column":23}},"462":{"start":{"line":463,"column":0},"end":{"line":463,"column":28}},"463":{"start":{"line":464,"column":0},"end":{"line":464,"column":23}},"464":{"start":{"line":465,"column":0},"end":{"line":465,"column":28}},"465":{"start":{"line":466,"column":0},"end":{"line":466,"column":26}},"466":{"start":{"line":467,"column":0},"end":{"line":467,"column":27}},"467":{"start":{"line":468,"column":0},"end":{"line":468,"column":62}},"468":{"start":{"line":469,"column":0},"end":{"line":469,"column":37}},"469":{"start":{"line":470,"column":0},"end":{"line":470,"column":26}},"470":{"start":{"line":471,"column":0},"end":{"line":471,"column":4}},"472":{"start":{"line":473,"column":0},"end":{"line":473,"column":49}},"473":{"start":{"line":474,"column":0},"end":{"line":474,"column":58}},"474":{"start":{"line":475,"column":0},"end":{"line":475,"column":29}},"475":{"start":{"line":476,"column":0},"end":{"line":476,"column":3}},"476":{"start":{"line":477,"column":0},"end":{"line":477,"column":44}},"478":{"start":{"line":479,"column":0},"end":{"line":479,"column":51}},"479":{"start":{"line":480,"column":0},"end":{"line":480,"column":56}},"480":{"start":{"line":481,"column":0},"end":{"line":481,"column":31}},"481":{"start":{"line":482,"column":0},"end":{"line":482,"column":3}},"482":{"start":{"line":483,"column":0},"end":{"line":483,"column":45}},"484":{"start":{"line":485,"column":0},"end":{"line":485,"column":16}},"485":{"start":{"line":486,"column":0},"end":{"line":486,"column":38}},"486":{"start":{"line":487,"column":0},"end":{"line":487,"column":3}},"487":{"start":{"line":488,"column":0},"end":{"line":488,"column":17}},"488":{"start":{"line":489,"column":0},"end":{"line":489,"column":34}},"489":{"start":{"line":490,"column":0},"end":{"line":490,"column":33}},"490":{"start":{"line":491,"column":0},"end":{"line":491,"column":20}},"491":{"start":{"line":492,"column":0},"end":{"line":492,"column":47}},"492":{"start":{"line":493,"column":0},"end":{"line":493,"column":14}},"493":{"start":{"line":494,"column":0},"end":{"line":494,"column":4}},"494":{"start":{"line":495,"column":0},"end":{"line":495,"column":1}},"497":{"start":{"line":498,"column":0},"end":{"line":498,"column":24}},"498":{"start":{"line":499,"column":0},"end":{"line":499,"column":34}},"499":{"start":{"line":500,"column":0},"end":{"line":500,"column":18}},"500":{"start":{"line":501,"column":0},"end":{"line":501,"column":39}},"501":{"start":{"line":502,"column":0},"end":{"line":502,"column":18}},"502":{"start":{"line":503,"column":0},"end":{"line":503,"column":7}},"503":{"start":{"line":504,"column":0},"end":{"line":504,"column":27}},"504":{"start":{"line":505,"column":0},"end":{"line":505,"column":14}},"505":{"start":{"line":506,"column":0},"end":{"line":506,"column":20}},"506":{"start":{"line":507,"column":0},"end":{"line":507,"column":42}},"507":{"start":{"line":508,"column":0},"end":{"line":508,"column":28}},"508":{"start":{"line":509,"column":0},"end":{"line":509,"column":23}},"509":{"start":{"line":510,"column":0},"end":{"line":510,"column":17}},"510":{"start":{"line":511,"column":0},"end":{"line":511,"column":6}},"514":{"start":{"line":515,"column":0},"end":{"line":515,"column":28}},"516":{"start":{"line":517,"column":0},"end":{"line":517,"column":25}},"517":{"start":{"line":518,"column":0},"end":{"line":518,"column":34}},"518":{"start":{"line":519,"column":0},"end":{"line":519,"column":24}},"519":{"start":{"line":520,"column":0},"end":{"line":520,"column":12}},"520":{"start":{"line":521,"column":0},"end":{"line":521,"column":23}},"521":{"start":{"line":522,"column":0},"end":{"line":522,"column":5}},"522":{"start":{"line":523,"column":0},"end":{"line":523,"column":19}},"523":{"start":{"line":524,"column":0},"end":{"line":524,"column":49}},"524":{"start":{"line":525,"column":0},"end":{"line":525,"column":3}},"525":{"start":{"line":526,"column":0},"end":{"line":526,"column":27}},"526":{"start":{"line":527,"column":0},"end":{"line":527,"column":1}}},"s":{"45":0,"46":0,"47":0,"48":0,"49":0,"50":0,"51":0,"52":0,"53":0,"54":0,"55":0,"58":0,"59":0,"61":0,"62":0,"63":0,"64":0,"65":0,"66":0,"67":0,"68":0,"69":0,"70":0,"76":0,"77":0,"78":0,"79":0,"80":0,"81":0,"82":0,"83":0,"84":0,"85":0,"86":0,"87":0,"89":0,"90":0,"91":0,"92":0,"93":0,"94":0,"95":0,"96":0,"98":0,"99":0,"100":0,"102":0,"103":0,"104":0,"105":0,"106":0,"107":0,"108":0,"109":0,"110":0,"111":0,"112":0,"113":0,"114":0,"115":0,"116":0,"117":0,"118":0,"119":0,"126":0,"127":0,"128":0,"129":0,"130":0,"131":0,"132":0,"134":0,"135":0,"136":0,"139":0,"140":0,"144":0,"145":0,"146":0,"147":0,"148":0,"149":0,"150":0,"152":0,"154":0,"155":0,"156":0,"157":0,"158":0,"159":0,"160":0,"162":0,"163":0,"164":0,"165":0,"166":0,"167":0,"168":0,"169":0,"171":0,"172":0,"173":0,"175":0,"176":0,"177":0,"179":0,"181":0,"182":0,"183":0,"184":0,"185":0,"188":0,"189":0,"190":0,"191":0,"192":0,"193":0,"194":0,"195":0,"196":0,"197":0,"199":0,"200":0,"201":0,"202":0,"203":0,"204":0,"205":0,"206":0,"207":0,"208":0,"209":0,"211":0,"212":0,"213":0,"219":0,"220":0,"221":0,"222":0,"223":0,"224":0,"225":0,"227":0,"228":0,"229":0,"230":0,"231":0,"232":0,"233":0,"234":0,"236":0,"237":0,"238":0,"239":0,"240":0,"242":0,"243":0,"244":0,"245":0,"246":0,"247":0,"248":0,"249":0,"250":0,"252":0,"253":0,"254":0,"255":0,"256":0,"257":0,"259":0,"260":0,"261":0,"262":0,"264":0,"267":0,"268":0,"269":0,"271":0,"272":0,"273":0,"274":0,"275":0,"276":0,"277":0,"278":0,"279":0,"280":0,"281":0,"282":0,"283":0,"284":0,"285":0,"286":0,"287":0,"288":0,"289":0,"290":0,"292":0,"294":0,"295":0,"296":0,"297":0,"298":0,"299":0,"300":0,"301":0,"302":0,"303":0,"304":0,"305":0,"307":0,"308":0,"309":0,"310":0,"312":0,"313":0,"314":0,"315":0,"316":0,"317":0,"318":0,"319":0,"320":0,"321":0,"322":0,"323":0,"324":0,"325":0,"326":0,"328":0,"329":0,"330":0,"331":0,"332":0,"333":0,"334":0,"335":0,"336":0,"337":0,"338":0,"339":0,"340":0,"341":0,"342":0,"343":0,"344":0,"345":0,"346":0,"347":0,"348":0,"349":0,"350":0,"351":0,"352":0,"353":0,"355":0,"356":0,"357":0,"358":0,"359":0,"360":0,"361":0,"362":0,"363":0,"364":0,"365":0,"366":0,"367":0,"368":0,"369":0,"370":0,"371":0,"372":0,"373":0,"375":0,"376":0,"377":0,"378":0,"379":0,"380":0,"381":0,"382":0,"383":0,"384":0,"387":0,"388":0,"389":0,"390":0,"391":0,"392":0,"393":0,"394":0,"396":0,"398":0,"399":0,"400":0,"401":0,"402":0,"403":0,"404":0,"405":0,"406":0,"407":0,"408":0,"410":0,"411":0,"413":0,"414":0,"416":0,"417":0,"418":0,"419":0,"420":0,"422":0,"424":0,"425":0,"426":0,"427":0,"428":0,"429":0,"431":0,"432":0,"433":0,"434":0,"435":0,"436":0,"438":0,"439":0,"440":0,"441":0,"442":0,"443":0,"445":0,"446":0,"447":0,"448":0,"449":0,"450":0,"452":0,"453":0,"454":0,"455":0,"456":0,"457":0,"458":0,"459":0,"460":0,"461":0,"462":0,"463":0,"464":0,"465":0,"466":0,"467":0,"468":0,"469":0,"470":0,"472":0,"473":0,"474":0,"475":0,"476":0,"478":0,"479":0,"480":0,"481":0,"482":0,"484":0,"485":0,"486":0,"487":0,"488":0,"489":0,"490":0,"491":0,"492":0,"493":0,"494":0,"497":0,"498":0,"499":0,"500":0,"501":0,"502":0,"503":0,"504":0,"505":0,"506":0,"507":0,"508":0,"509":0,"510":0,"514":0,"516":0,"517":0,"518":0,"519":0,"520":0,"521":0,"522":0,"523":0,"524":0,"525":0,"526":0},"branchMap":{"0":{"type":"branch","line":1,"loc":{"start":{"line":1,"column":15417},"end":{"line":527,"column":1}},"locations":[{"start":{"line":1,"column":15417},"end":{"line":527,"column":1}}]}},"b":{"0":[1]},"fnMap":{"0":{"name":"(empty-report)","decl":{"start":{"line":1,"column":15417},"end":{"line":527,"column":1}},"loc":{"start":{"line":1,"column":15417},"end":{"line":527,"column":1}},"line":1}},"f":{"0":1}}
}
